Detecting C OpenMP version failed with the following output:
Change Dir: /Users/wangyu/Desktop/利兹上课资料/9月份学期/图形学两门课/5812/作业2/研究/RaytraceRenderWindow/cmake-build-debug/CMakeFiles/CMakeTmp

Run Build Command(s):/usr/bin/make -f Makefile cmTC_60efc/fast && /Applications/Xcode.app/Contents/Developer/usr/bin/make  -f CMakeFiles/cmTC_60efc.dir/build.make CMakeFiles/cmTC_60efc.dir/build
Building C object CMakeFiles/cmTC_60efc.dir/OpenMPCheckVersion.c.o
/Applications/Xcode.app/Contents/Developer/Toolchains/XcodeDefault.xctoolchain/usr/bin/cc   -Xpreprocessor -fopenmp -lomp -Wno-unused-command-line-argument -isysroot /Applications/Xcode.app/Contents/Developer/Platforms/MacOSX.platform/Developer/SDKs/MacOSX11.1.sdk -mmacosx-version-min=10.15 -MD -MT CMakeFiles/cmTC_60efc.dir/OpenMPCheckVersion.c.o -MF CMakeFiles/cmTC_60efc.dir/OpenMPCheckVersion.c.o.d -o CMakeFiles/cmTC_60efc.dir/OpenMPCheckVersion.c.o -c /Users/wangyu/Desktop/利兹上课资料/9月份学期/图形学两门课/5812/作业2/研究/RaytraceRenderWindow/cmake-build-debug/CMakeFiles/FindOpenMP/OpenMPCheckVersion.c
/Users/wangyu/Desktop/利兹上课资料/9月份学期/图形学两门课/5812/作业2/研究/RaytraceRenderWindow/cmake-build-debug/CMakeFiles/FindOpenMP/OpenMPCheckVersion.c:3:10: fatal error: 'omp.h' file not found
#include <omp.h>
         ^~~~~~~
1 error generated.
make[1]: *** [CMakeFiles/cmTC_60efc.dir/OpenMPCheckVersion.c.o] Error 1
make: *** [cmTC_60efc/fast] Error 2



Detecting CXX OpenMP version failed with the following output:
Change Dir: /Users/wangyu/Desktop/利兹上课资料/9月份学期/图形学两门课/5812/作业2/研究/RaytraceRenderWindow/cmake-build-debug/CMakeFiles/CMakeTmp

Run Build Command(s):/usr/bin/make -f Makefile cmTC_f4c7d/fast && /Applications/Xcode.app/Contents/Developer/usr/bin/make  -f CMakeFiles/cmTC_f4c7d.dir/build.make CMakeFiles/cmTC_f4c7d.dir/build
Building CXX object CMakeFiles/cmTC_f4c7d.dir/OpenMPCheckVersion.cpp.o
/Applications/Xcode.app/Contents/Developer/Toolchains/XcodeDefault.xctoolchain/usr/bin/c++   -Xpreprocessor -fopenmp -lomp -Wno-unused-command-line-argument -isysroot /Applications/Xcode.app/Contents/Developer/Platforms/MacOSX.platform/Developer/SDKs/MacOSX11.1.sdk -mmacosx-version-min=10.15 -MD -MT CMakeFiles/cmTC_f4c7d.dir/OpenMPCheckVersion.cpp.o -MF CMakeFiles/cmTC_f4c7d.dir/OpenMPCheckVersion.cpp.o.d -o CMakeFiles/cmTC_f4c7d.dir/OpenMPCheckVersion.cpp.o -c /Users/wangyu/Desktop/利兹上课资料/9月份学期/图形学两门课/5812/作业2/研究/RaytraceRenderWindow/cmake-build-debug/CMakeFiles/FindOpenMP/OpenMPCheckVersion.cpp
/Users/wangyu/Desktop/利兹上课资料/9月份学期/图形学两门课/5812/作业2/研究/RaytraceRenderWindow/cmake-build-debug/CMakeFiles/FindOpenMP/OpenMPCheckVersion.cpp:3:10: fatal error: 'omp.h' file not found
#include <omp.h>
         ^~~~~~~
1 error generated.
make[1]: *** [CMakeFiles/cmTC_f4c7d.dir/OpenMPCheckVersion.cpp.o] Error 1
make: *** [cmTC_f4c7d/fast] Error 2



Detecting C OpenMP version failed with the following output:
Change Dir: /Users/wangyu/Desktop/利兹上课资料/9月份学期/图形学两门课/5812/作业2/研究/RaytraceRenderWindow/cmake-build-debug/CMakeFiles/CMakeTmp

Run Build Command(s):/usr/bin/make -f Makefile cmTC_b9497/fast && /Applications/Xcode.app/Contents/Developer/usr/bin/make  -f CMakeFiles/cmTC_b9497.dir/build.make CMakeFiles/cmTC_b9497.dir/build
Building C object CMakeFiles/cmTC_b9497.dir/OpenMPCheckVersion.c.o
/Applications/Xcode.app/Contents/Developer/Toolchains/XcodeDefault.xctoolchain/usr/bin/cc   -Xpreprocessor -fopenmp -lomp -Wno-unused-command-line-argument -isysroot /Applications/Xcode.app/Contents/Developer/Platforms/MacOSX.platform/Developer/SDKs/MacOSX11.1.sdk -mmacosx-version-min=10.15 -MD -MT CMakeFiles/cmTC_b9497.dir/OpenMPCheckVersion.c.o -MF CMakeFiles/cmTC_b9497.dir/OpenMPCheckVersion.c.o.d -o CMakeFiles/cmTC_b9497.dir/OpenMPCheckVersion.c.o -c /Users/wangyu/Desktop/利兹上课资料/9月份学期/图形学两门课/5812/作业2/研究/RaytraceRenderWindow/cmake-build-debug/CMakeFiles/FindOpenMP/OpenMPCheckVersion.c
/Users/wangyu/Desktop/利兹上课资料/9月份学期/图形学两门课/5812/作业2/研究/RaytraceRenderWindow/cmake-build-debug/CMakeFiles/FindOpenMP/OpenMPCheckVersion.c:3:10: fatal error: 'omp.h' file not found
#include <omp.h>
         ^~~~~~~
1 error generated.
make[1]: *** [CMakeFiles/cmTC_b9497.dir/OpenMPCheckVersion.c.o] Error 1
make: *** [cmTC_b9497/fast] Error 2



Detecting CXX OpenMP version failed with the following output:
Change Dir: /Users/wangyu/Desktop/利兹上课资料/9月份学期/图形学两门课/5812/作业2/研究/RaytraceRenderWindow/cmake-build-debug/CMakeFiles/CMakeTmp

Run Build Command(s):/usr/bin/make -f Makefile cmTC_a2d73/fast && /Applications/Xcode.app/Contents/Developer/usr/bin/make  -f CMakeFiles/cmTC_a2d73.dir/build.make CMakeFiles/cmTC_a2d73.dir/build
Building CXX object CMakeFiles/cmTC_a2d73.dir/OpenMPCheckVersion.cpp.o
/Applications/Xcode.app/Contents/Developer/Toolchains/XcodeDefault.xctoolchain/usr/bin/c++   -Xpreprocessor -fopenmp -lomp -Wno-unused-command-line-argument -isysroot /Applications/Xcode.app/Contents/Developer/Platforms/MacOSX.platform/Developer/SDKs/MacOSX11.1.sdk -mmacosx-version-min=10.15 -MD -MT CMakeFiles/cmTC_a2d73.dir/OpenMPCheckVersion.cpp.o -MF CMakeFiles/cmTC_a2d73.dir/OpenMPCheckVersion.cpp.o.d -o CMakeFiles/cmTC_a2d73.dir/OpenMPCheckVersion.cpp.o -c /Users/wangyu/Desktop/利兹上课资料/9月份学期/图形学两门课/5812/作业2/研究/RaytraceRenderWindow/cmake-build-debug/CMakeFiles/FindOpenMP/OpenMPCheckVersion.cpp
/Users/wangyu/Desktop/利兹上课资料/9月份学期/图形学两门课/5812/作业2/研究/RaytraceRenderWindow/cmake-build-debug/CMakeFiles/FindOpenMP/OpenMPCheckVersion.cpp:3:10: fatal error: 'omp.h' file not found
#include <omp.h>
         ^~~~~~~
1 error generated.
make[1]: *** [CMakeFiles/cmTC_a2d73.dir/OpenMPCheckVersion.cpp.o] Error 1
make: *** [cmTC_a2d73/fast] Error 2



Detecting C OpenMP version failed with the following output:
Change Dir: /Users/wangyu/Desktop/利兹上课资料/9月份学期/图形学两门课/5812/作业2/研究/RaytraceRenderWindow/cmake-build-debug/CMakeFiles/CMakeTmp

Run Build Command(s):/usr/bin/make -f Makefile cmTC_621c7/fast && /Applications/Xcode.app/Contents/Developer/usr/bin/make  -f CMakeFiles/cmTC_621c7.dir/build.make CMakeFiles/cmTC_621c7.dir/build
Building C object CMakeFiles/cmTC_621c7.dir/OpenMPCheckVersion.c.o
/Applications/Xcode.app/Contents/Developer/Toolchains/XcodeDefault.xctoolchain/usr/bin/cc   -Xpreprocessor -fopenmp -lomp -Wno-unused-command-line-argument -isysroot /Applications/Xcode.app/Contents/Developer/Platforms/MacOSX.platform/Developer/SDKs/MacOSX11.1.sdk -mmacosx-version-min=10.15 -MD -MT CMakeFiles/cmTC_621c7.dir/OpenMPCheckVersion.c.o -MF CMakeFiles/cmTC_621c7.dir/OpenMPCheckVersion.c.o.d -o CMakeFiles/cmTC_621c7.dir/OpenMPCheckVersion.c.o -c /Users/wangyu/Desktop/利兹上课资料/9月份学期/图形学两门课/5812/作业2/研究/RaytraceRenderWindow/cmake-build-debug/CMakeFiles/FindOpenMP/OpenMPCheckVersion.c
/Users/wangyu/Desktop/利兹上课资料/9月份学期/图形学两门课/5812/作业2/研究/RaytraceRenderWindow/cmake-build-debug/CMakeFiles/FindOpenMP/OpenMPCheckVersion.c:3:10: fatal error: 'omp.h' file not found
#include <omp.h>
         ^~~~~~~
1 error generated.
make[1]: *** [CMakeFiles/cmTC_621c7.dir/OpenMPCheckVersion.c.o] Error 1
make: *** [cmTC_621c7/fast] Error 2



Detecting CXX OpenMP version failed with the following output:
Change Dir: /Users/wangyu/Desktop/利兹上课资料/9月份学期/图形学两门课/5812/作业2/研究/RaytraceRenderWindow/cmake-build-debug/CMakeFiles/CMakeTmp

Run Build Command(s):/usr/bin/make -f Makefile cmTC_02af9/fast && /Applications/Xcode.app/Contents/Developer/usr/bin/make  -f CMakeFiles/cmTC_02af9.dir/build.make CMakeFiles/cmTC_02af9.dir/build
Building CXX object CMakeFiles/cmTC_02af9.dir/OpenMPCheckVersion.cpp.o
/Applications/Xcode.app/Contents/Developer/Toolchains/XcodeDefault.xctoolchain/usr/bin/c++   -Xpreprocessor -fopenmp -lomp -Wno-unused-command-line-argument -isysroot /Applications/Xcode.app/Contents/Developer/Platforms/MacOSX.platform/Developer/SDKs/MacOSX11.1.sdk -mmacosx-version-min=10.15 -MD -MT CMakeFiles/cmTC_02af9.dir/OpenMPCheckVersion.cpp.o -MF CMakeFiles/cmTC_02af9.dir/OpenMPCheckVersion.cpp.o.d -o CMakeFiles/cmTC_02af9.dir/OpenMPCheckVersion.cpp.o -c /Users/wangyu/Desktop/利兹上课资料/9月份学期/图形学两门课/5812/作业2/研究/RaytraceRenderWindow/cmake-build-debug/CMakeFiles/FindOpenMP/OpenMPCheckVersion.cpp
/Users/wangyu/Desktop/利兹上课资料/9月份学期/图形学两门课/5812/作业2/研究/RaytraceRenderWindow/cmake-build-debug/CMakeFiles/FindOpenMP/OpenMPCheckVersion.cpp:3:10: fatal error: 'omp.h' file not found
#include <omp.h>
         ^~~~~~~
1 error generated.
make[1]: *** [CMakeFiles/cmTC_02af9.dir/OpenMPCheckVersion.cpp.o] Error 1
make: *** [cmTC_02af9/fast] Error 2



